[17:03:20] [main/INFO]: Setting user: Player437
[17:03:20] [Client thread/INFO]: LWJGL Version: 2.9.1
[17:03:25] [Client thread/INFO]: Reloading ResourceManager: Default, FMLFileResourcePack:Forge Mod Loader, FMLFileResourcePack:Minecraft Forge, FMLFileResourcePack:arccore
[17:03:26] [Sound Library Loader/INFO]: Sound engine started
[17:03:33] [Client thread/WARN]: File arccore:sounds/nihil-death.ogg does not exist, cannot add it to event arccore:nihil-death
[17:03:33] [Client thread/INFO]: Created: 16x16 textures/blocks-atlas
[17:03:33] [Client thread/INFO]: Created: 16x16 textures/items-atlas
[17:03:33] [Client thread/INFO]: Reloading ResourceManager: Default, FMLFileResourcePack:Forge Mod Loader, FMLFileResourcePack:Minecraft Forge, FMLFileResourcePack:arccore
[17:03:34] [Client thread/INFO]: Created: 512x256 textures/blocks-atlas
[17:03:34] [Client thread/INFO]: Created: 512x256 textures/items-atlas
[17:03:35] [Sound Library Loader/INFO]: Sound engine started
[17:03:35] [Client thread/WARN]: File arccore:sounds/nihil-death.ogg does not exist, cannot add it to event arccore:nihil-death
[17:03:40] [Server thread/INFO]: Starting integrated minecraft server version 1.7.10
[17:03:40] [Server thread/INFO]: Generating keypair
[17:03:40] [Server thread/INFO]: Preparing start region for level 0
[17:03:41] [Server thread/INFO]: Changing view distance to 14, from 10
[17:03:41] [Server thread/INFO]: Player437[local:E:cd4063a1] logged in with entity id 202 at (26.47069036649255, 66.52936759557846, -169.40820227197915)
[17:03:41] [Server thread/INFO]: Player437 joined the game
[17:04:07] [Client thread/INFO]: Stopping!
[17:04:07] [Server thread/INFO]: Stopping server
[17:04:07] [Server thread/INFO]: Saving players
[17:04:07] [Server thread/INFO]: Saving worlds
[17:04:07] [Server thread/INFO]: Saving chunks for level 'Test Biome 2'/Overworld
[17:04:07] [Server thread/INFO]: Saving chunks for level 'Test Biome 2'/Nether
[17:04:07] [Server thread/INFO]: Saving chunks for level 'Test Biome 2'/The End
[17:04:08] [Client Shutdown Thread/INFO]: Stopping server
[17:04:08] [Client Shutdown Thread/INFO]: Saving players
[17:47:24] [main/INFO]: Setting user: Player265
[17:47:26] [Client thread/INFO]: LWJGL Version: 2.9.1
:26] [Client thread/INFO]: LWJGL Version: 2.9.1
[17:47:56] [Client thread/INFO]: Reloading ResourceManager: Default, FMLFileResourcePack:Forge Mod Loader, FMLFileResourcePack:Minecraft Forge, FMLFileResourcePack:arccore
[17:47:57] [Sound Library Loader/INFO]: Sound engine started
[17:48:07] [Client thread/WARN]: File arccore:sounds/nihil-death.ogg does not exist, cannot add it to event arccore:nihil-death
[17:48:07] [Client thread/INFO]: Created: 16x16 textures/blocks-atlas
[17:48:07] [Client thread/INFO]: Created: 16x16 textures/items-atlas
[17:48:08] [Client thread/INFO]: Reloading ResourceManager: Default, FMLFileResourcePack:Forge Mod Loader, FMLFileResourcePack:Minecraft Forge, FMLFileResourcePack:arccore
[17:48:08] [Client thread/INFO]: Created: 512x256 textures/blocks-atlas
[17:48:08] [Client thread/INFO]: Created: 512x256 textures/items-atlas
[17:48:09] [Sound Library Loader/INFO]: Sound engine started
[17:48:09] [Client thread/WARN]: File arccore:sounds/nihil-death.ogg does not exist, cannot add it to event arccore:nihil-death
[17:48:14] [Server thread/INFO]: Starting integrated minecraft server version 1.7.10
[17:48:14] [Server thread/INFO]: Generating keypair
[17:48:14] [Server thread/INFO]: Preparing start region for level 0
[17:48:15] [Server thread/INFO]: Changing view distance to 14, from 10
[17:48:16] [Server thread/INFO]: Player265[local:E:842f4cc9] logged in with entity id 201 at (25.21697055620571, 64.0, -173.5097799263477)
[17:48:16] [Server thread/INFO]: Player265 joined the game
[17:48:17] [Server thread/INFO]: Saving and pausing game...
[17:48:17] [Server thread/INFO]: Saving chunks for level 'Test Biome 2'/Overworld
[17:48:17] [Server thread/INFO]: Saving chunks for level 'Test Biome 2'/Nether
[17:48:17] [Server thread/INFO]: Saving chunks for level 'Test Biome 2'/The End
[17:51:17] [Server thread/WARN]: The save is being accessed from another location, aborting
[17:52:02] [Server thread/WARN]: The save is being accessed from another location, aborting
[17:52:22] [Client thread/INFO]: Stopping!
[17:52:22] [Server thread/INFO]: Stopping server
[17:52:22] [Server thread/INFO]: Saving players
[17:52:22] [Server thread/INFO]: Saving worlds
[17:52:22] [Server thread/INFO]: Saving chunks for level 'Test Biome 2'/Overworld
[17:52:22] [Server thread/WARN]: The save is being accessed from another location, aborting
[17:52:22] [Server thread/INFO]: Saving chunks for level 'Test Biome 2'/Nether
[17:52:22] [Server thread/INFO]: Saving chunks for level 'Test Biome 2'/The End
 FMLFileResourcePack:Minecraft Forge, FMLFileResourcePack:arccore
[17:51:06] [Client thread/INFO]: Created: 512x256 textures/blocks-atlas
[17:51:07] [Client thread/INFO]: Created: 512x256 textures/items-atlas
[17:51:08] [Sound Library Loader/INFO]: Sound engine started
[17:51:08] [Client thread/WARN]: File arccore:sounds/nihil-death.ogg does not exist, cannot add it to event arccore:nihil-death
[17:51:11] [Server thread/INFO]: Starting integrated minecraft server version 1.7.10
[17:51:11] [Server thread/INFO]: Generating keypair
[17:51:11] [Server thread/INFO]: Preparing start region for level 0
[17:51:12] [Server thread/INFO]: Changing view distance to 14, from 10
[17:51:13] [Server thread/INFO]: Player46[local:E:718bf71f] logged in with entity id 199 at (29.55991692012646, 68.40772431357193, -170.52967070924493)
[17:51:13] [Server thread/INFO]: Player46 joined the game
[17:51:46] [Server thread/INFO]: Player46 has just earned the achievement [Taking Inventory]
[17:51:46] [Client thread/INFO]: [CHAT] Player46 has just earned the achievement [Taking Inventory]
[17:52:01] [Server thread/INFO]: Saving and pausing game...
[17:52:01] [Server thread/INFO]: Saving chunks for level 'Test Biome 2'/Overworld
[17:52:01] [Server thread/INFO]: Saving chunks for level 'Test Biome 2'/Nether
[17:52:01] [Server thread/INFO]: Saving chunks for level 'Test Biome 2'/The End
[17:52:01] [Server thread/INFO]: Stopping server
[17:52:01] [Server thread/INFO]: Saving players
[17:52:01] [Server thread/INFO]: Saving worlds
[17:52:01] [Server thread/INFO]: Saving chunks for level 'Test Biome 2'/Overworld
[17:52:01] [Server thread/INFO]: Saving chunks for level 'Test Biome 2'/Nether
[17:52:01] [Server thread/INFO]: Saving chunks for level 'Test Biome 2'/The End
[17:52:25] [Client thread/INFO]: Stopping!
[17:53:29] [main/INFO]: Setting user: Player328
[17:53:30] [Client thread/INFO]: LWJGL Version: 2.9.1
[17:53:36] [Client thread/INFO]: Reloading ResourceManager: Default, FMLFileResourcePack:Forge Mod Loader, FMLFileResourcePack:Minecraft Forge, FMLFileResourcePack:arccore
[17:53:37] [Sound Library Loader/INFO]: Sound engine started
[17:53:44] [Client thread/WARN]: File arccore:sounds/nihil-death.ogg does not exist, cannot add it to event arccore:nihil-death
[17:53:44] [Client thread/INFO]: Created: 16x16 textures/blocks-atlas
[17:53:44] [Client thread/INFO]: Created: 16x16 textures/items-atlas
[17:53:44] [Client thread/INFO]: Reloading ResourceManager: Default, FMLFileResourcePack:Forge Mod Loader, FMLFileResourcePack:Minecraft Forge, FMLFileResourcePack:arccore
[17:53:44] [Client thread/INFO]: Created: 512x256 textures/blocks-atlas
[17:53:45] [Client thread/INFO]: Created: 512x256 textures/items-atlas
[17:53:45] [Sound Library Loader/INFO]: Sound engine started
[17:53:46] [Client thread/WARN]: File arccore:sounds/nihil-death.ogg does not exist, cannot add it to event arccore:nihil-death
[17:53:50] [Server thread/INFO]: Starting integrated minecraft server version 1.7.10
[17:53:50] [Server thread/INFO]: Generating keypair
[17:53:51] [Server thread/INFO]: Preparing start region for level 0
[17:53:51] [Server thread/INFO]: Changing view distance to 14, from 10
[17:53:52] [Server thread/INFO]: Player328[local:E:96571ef5] logged in with entity id 202 at (27.22265494505182, 69.90701726242057, -170.34389822721394)
[17:53:52] [Server thread/INFO]: Player328 joined the game
[17:53:56] [Server thread/INFO]: Player328 has just earned the achievement [Taking Inventory]
[17:53:56] [Client thread/INFO]: [CHAT] Player328 has just earned the achievement [Taking Inventory]
[17:54:05] [Server thread/INFO]: Saving and pausing game...
[17:54:05] [Server thread/INFO]: Saving chunks for level 'Test Biome 2'/Overworld
[17:54:05] [Server thread/INFO]: Saving chunks for level 'Test Biome 2'/Nether
[17:54:05] [Server thread/INFO]: Saving chunks for level 'Test Biome 2'/The End
[17:54:05] [Server thread/INFO]: Stopping server
[17:54:05] [Server thread/INFO]: Saving players
[17:54:05] [Server thread/INFO]: Saving worlds
[17:54:05] [Server thread/INFO]: Saving chunks for level 'Test Biome 2'/Overworld
[17:54:05] [Server thread/INFO]: Saving chunks for level 'Test Biome 2'/Nether
[17:54:05] [Server thread/INFO]: Saving chunks for level 'Test Biome 2'/The End
[17:54:06] [Client thread/INFO]: Stopping!
[17:57:18] [main/INFO]: Setting user: Player531
[17:57:18] [Client thread/INFO]: LWJGL Version: 2.9.1
[17:57:24] [Client thread/INFO]: Reloading ResourceManager: Default, FMLFileResourcePack:Forge Mod Loader, FMLFileResourcePack:Minecraft Forge, FMLFileResourcePack:arccore
[17:57:24] [Sound Library Loader/INFO]: Sound engine started
[17:57:24] [Client thread/WARN]: File arccore:sounds/nihil-death.ogg does not exist, cannot add it to event arccore:nihil-death
[17:57:25] [Client thread/INFO]: Created: 16x16 textures/blocks-atlas
[17:57:25] [Client thread/INFO]: Created: 16x16 textures/items-atlas
[17:57:25] [Client thread/INFO]: Reloading ResourceManager: Default, FMLFileResourcePack:Forge Mod Loader, FMLFileResourcePack:Minecraft Forge, FMLFileResourcePack:arccore
[17:57:25] [Client thread/INFO]: Created: 512x256 textures/blocks-atlas
[17:57:25] [Client thread/INFO]: Created: 512x256 textures/items-atlas
[17:57:26] [Sound Library Loader/INFO]: Sound engine started
[17:57:26] [Client thread/WARN]: File arccore:sounds/nihil-death.ogg does not exist, cannot add it to event arccore:nihil-death
[17:57:29] [Server thread/INFO]: Starting integrated minecraft server version 1.7.10
[17:57:29] [Server thread/INFO]: Generating keypair
[17:57:30] [Server thread/INFO]: Preparing start region for level 0
[17:57:30] [Server thread/INFO]: Changing view distance to 14, from 10
[17:57:31] [Server thread/INFO]: Player531[local:E:5a978eff] logged in with entity id 203 at (25.686898027818664, 69.90701726242057, -170.01899961658506)
[17:57:31] [Server thread/INFO]: Player531 joined the game
[17:57:33] [Server thread/INFO]: Player531 has just earned the achievement [Taking Inventory]
[17:57:33] [Client thread/INFO]: [CHAT] Player531 has just earned the achievement [Taking Inventory]
[18:00:39] [Server thread/INFO]: Saving and pausing game...
[18:00:39] [Server thread/INFO]: Saving chunks for level 'Test Biome 2'/Overworld
[18:00:39] [Server thread/INFO]: Saving chunks for level 'Test Biome 2'/Nether
[18:00:39] [Server thread/INFO]: Saving chunks for level 'Test Biome 2'/The End
[18:00:57] [Server thread/INFO]: Saving and pausing game...
[18:00:57] [Server thread/INFO]: Saving chunks for level 'Test Biome 2'/Overworld
[18:00:57] [Server thread/INFO]: Saving chunks for level 'Test Biome 2'/Nether
[18:00:57] [Server thread/INFO]: Saving chunks for level 'Test Biome 2'/The End
[18:01:19] [Server thread/INFO]: Saving and pausing game...
[18:01:19] [Server thread/INFO]: Saving chunks for level 'Test Biome 2'/Overworld
[18:01:19] [Server thread/INFO]: Saving chunks for level 'Test Biome 2'/Nether
[18:01:19] [Server thread/INFO]: Saving chunks for level 'Test Biome 2'/The End
[18:01:40] [Server thread/INFO]: Stopping server
[18:01:40] [Server thread/INFO]: Saving players
[18:01:40] [Server thread/INFO]: Saving worlds
[18:01:40] [Server thread/INFO]: Saving chunks for level 'Test Biome 2'/Overworld
[18:01:40] [Server thread/INFO]: Saving chunks for level 'Test Biome 2'/Nether
[18:01:40] [Server thread/INFO]: Saving chunks for level 'Test Biome 2'/The End
[18:01:41] [Client thread/INFO]: Stopping!
[18:01:47] [main/INFO]: Setting user: Player703
[18:01:48] [Client thread/INFO]: LWJGL Version: 2.9.1
[18:01:53] [Client thread/INFO]: Reloading ResourceManager: Default, FMLFileResourcePack:Forge Mod Loader, FMLFileResourcePack:Minecraft Forge, FMLFileResourcePack:arccore
[18:01:54] [Client thread/WARN]: File arccore:sounds/nihil-death.ogg does not exist, cannot add it to event arccore:nihil-death
[18:01:54] [Sound Library Loader/INFO]: Sound engine started
[18:01:54] [Client thread/INFO]: Created: 16x16 textures/blocks-atlas
[18:01:54] [Client thread/INFO]: Created: 16x16 textures/items-atlas
[18:01:54] [Client thread/INFO]: Reloading ResourceManager: Default, FMLFileResourcePack:Forge Mod Loader, FMLFileResourcePack:Minecraft Forge, FMLFileResourcePack:arccore
[18:01:54] [Client thread/INFO]: Created: 512x256 textures/blocks-atlas
[18:01:54] [Client thread/INFO]: Created: 512x256 textures/items-atlas
[18:01:55] [Sound Library Loader/INFO]: Sound engine started
[18:01:55] [Client thread/WARN]: File arccore:sounds/nihil-death.ogg does not exist, cannot add it to event arccore:nihil-death
[18:01:57] [Server thread/INFO]: Starting integrated minecraft server version 1.7.10
[18:01:57] [Server thread/INFO]: Generating keypair
[18:01:57] [Server thread/INFO]: Preparing start region for level 0
[18:01:57] [Server thread/INFO]: Changing view distance to 14, from 10
[18:01:58] [Server thread/INFO]: Player703[local:E:d13a5708] logged in with entity id 203 at (20.689790458929952, 72.16933064997214, -167.1194879831804)
[18:01:58] [Server thread/INFO]: Player703 joined the game
[18:02:00] [Server thread/INFO]: Player703 has just earned the achievement [Taking Inventory]
[18:02:00] [Client thread/INFO]: [CHAT] Player703 has just earned the achievement [Taking Inventory]
[18:02:50] [Client thread/INFO]: Stopping!
[18:02:50] [Server thread/INFO]: Stopping server
[18:02:50] [Server thread/INFO]: Saving players
[18:02:50] [Server thread/INFO]: Saving worlds
[18:02:50] [Server thread/INFO]: Saving chunks for level 'Test Biome 2'/Overworld
[18:02:50] [Server thread/INFO]: Saving chunks for level 'Test Biome 2'/Nether
[18:02:50] [Server thread/INFO]: Saving chunks for level 'Test Biome 2'/The End
[18:02:50] [Client Shutdown Thread/INFO]: Stopping server
[18:02:50] [Client Shutdown Thread/INFO]: Saving players
[18:03:09] [main/INFO]: Setting user: Player500
[18:03:09] [Client thread/INFO]: LWJGL Version: 2.9.1
[18:03:15] [Client thread/INFO]: Reloading ResourceManager: Default, FMLFileResourcePack:Forge Mod Loader, FMLFileResourcePack:Minecraft Forge, FMLFileResourcePack:arccore
[18:03:15] [Sound Library Loader/INFO]: Sound engine started
[18:03:15] [Client thread/WARN]: File arccore:sounds/nihil-death.ogg does not exist, cannot add it to event arccore:nihil-death
[18:03:15] [Client thread/INFO]: Created: 16x16 textures/blocks-atlas
[18:03:15] [Client thread/INFO]: Created: 16x16 textures/items-atlas
[18:03:16] [Client thread/INFO]: Reloading ResourceManager: Default, FMLFileResourcePack:Forge Mod Loader, FMLFileResourcePack:Minecraft Forge, FMLFileResourcePack:arccore
[18:03:16] [Client thread/INFO]: Created: 512x256 textures/blocks-atlas
[18:03:16] [Client thread/INFO]: Created: 512x256 textures/items-atlas
[18:03:17] [Client thread/WARN]: File arccore:sounds/nihil-death.ogg does not exist, cannot add it to event arccore:nihil-death
[18:03:17] [Sound Library Loader/INFO]: Sound engine started
[18:03:19] [Server thread/INFO]: Starting integrated minecraft server version 1.7.10
[18:03:19] [Server thread/INFO]: Generating keypair
[18:03:19] [Server thread/INFO]: Preparing start region for level 0
[18:03:19] [Server thread/INFO]: Changing view distance to 14, from 10
[18:03:20] [Server thread/INFO]: Player500[local:E:6e874815] logged in with entity id 204 at (20.689790458929952, 72.16933064997214, -167.1194879831804)
[18:03:20] [Server thread/INFO]: Player500 joined the game
[18:03:20] [Server thread/WARN]: Biome ID is out of bounds: 2049, defaulting to 0 (Ocean)
[18:03:29] [Server thread/INFO]: Saving and pausing game...
[18:03:29] [Server thread/INFO]: Saving chunks for level 'Test Biome 2'/Overworld
[18:03:29] [Server thread/INFO]: Saving chunks for level 'Test Biome 2'/Nether
[18:03:29] [Server thread/INFO]: Saving chunks for level 'Test Biome 2'/The End
[18:03:31] [Server thread/INFO]: Saving and pausing game...
[18:03:31] [Server thread/INFO]: Saving chunks for level 'Test Biome 2'/Overworld
[18:03:31] [Server thread/INFO]: Saving chunks for level 'Test Biome 2'/Nether
[18:03:31] [Server thread/INFO]: Saving chunks for level 'Test Biome 2'/The End
[18:03:32] [Server thread/INFO]: Stopping server
[18:03:32] [Server thread/INFO]: Saving players
[18:03:32] [Server thread/INFO]: Saving worlds
[18:03:32] [Server thread/INFO]: Saving chunks for level 'Test Biome 2'/Overworld
[18:03:32] [Server thread/INFO]: Saving chunks for level 'Test Biome 2'/Nether
[18:03:32] [Server thread/INFO]: Saving chunks for level 'Test Biome 2'/The End
[18:03:33] [Client thread/INFO]: Stopping!
[18:03:37] [main/INFO]: Setting user: Player93
[18:03:38] [Client thread/INFO]: LWJGL Version: 2.9.1
[18:03:43] [Client thread/INFO]: Reloading ResourceManager: Default, FMLFileResourcePack:Forge Mod Loader, FMLFileResourcePack:Minecraft Forge, FMLFileResourcePack:arccore
[18:03:44] [Sound Library Loader/INFO]: Sound engine started
[18:03:44] [Client thread/WARN]: File arccore:sounds/nihil-death.ogg does not exist, cannot add it to event arccore:nihil-death
[18:03:44] [Client thread/INFO]: Created: 16x16 textures/blocks-atlas
[18:03:44] [Client thread/INFO]: Created: 16x16 textures/items-atlas
[18:03:44] [Client thread/INFO]: Reloading ResourceManager: Default, FMLFileResourcePack:Forge Mod Loader, FMLFileResourcePack:Minecraft Forge, FMLFileResourcePack:arccore
[18:03:45] [Client thread/INFO]: Created: 512x256 textures/blocks-atlas
[18:03:45] [Client thread/INFO]: Created: 512x256 textures/items-atlas
[18:03:45] [Client thread/WARN]: File arccore:sounds/nihil-death.ogg does not exist, cannot add it to event arccore:nihil-death
[18:03:45] [Sound Library Loader/INFO]: Sound engine started
[18:03:47] [Server thread/INFO]: Starting integrated minecraft server version 1.7.10
[18:03:47] [Server thread/INFO]: Generating keypair
[18:03:47] [Server thread/INFO]: Preparing start region for level 0
[18:03:48] [Server thread/INFO]: Changing view distance to 14, from 10
[18:03:48] [Server thread/INFO]: Player93[local:E:e2710a6c] logged in with entity id 205 at (21.033222287182912, 72.16933064997214, -168.5593812076074)
[18:03:48] [Server thread/INFO]: Player93 joined the game
[18:03:49] [Server thread/INFO]: Player93 has just earned the achievement [Taking Inventory]
[18:03:49] [Client thread/INFO]: [CHAT] Player93 has just earned the achievement [Taking Inventory]
[18:04:03] [Server thread/INFO]: Saving and pausing game...
[18:04:03] [Server thread/INFO]: Saving chunks for level 'Test Biome 2'/Overworld
[18:04:03] [Server thread/INFO]: Saving chunks for level 'Test Biome 2'/Nether
[18:04:03] [Server thread/INFO]: Saving chunks for level 'Test Biome 2'/The End
[18:04:03] [Server thread/INFO]: Stopping server
[18:04:03] [Server thread/INFO]: Saving players
[18:04:03] [Server thread/INFO]: Saving worlds
[18:04:03] [Server thread/INFO]: Saving chunks for level 'Test Biome 2'/Overworld
[18:04:03] [Server thread/INFO]: Saving chunks for level 'Test Biome 2'/Nether
[18:04:03] [Server thread/INFO]: Saving chunks for level 'Test Biome 2'/The End
[18:04:05] [Client thread/INFO]: Stopping!
[18:05:03] [main/INFO]: Setting user: Player484
[18:05:03] [Client thread/INFO]: LWJGL Version: 2.9.1
[18:05:09] [Client thread/INFO]: Reloading ResourceManager: Default, FMLFileResourcePack:Forge Mod Loader, FMLFileResourcePack:Minecraft Forge, FMLFileResourcePack:arccore
[18:05:10] [Sound Library Loader/INFO]: Sound engine started
[18:05:10] [Client thread/WARN]: File arccore:sounds/nihil-death.ogg does not exist, cannot add it to event arccore:nihil-death
[18:05:10] [Client thread/INFO]: Created: 16x16 textures/blocks-atlas
[18:05:10] [Client thread/INFO]: Created: 16x16 textures/items-atlas
[18:05:10] [Client thread/INFO]: Reloading ResourceManager: Default, FMLFileResourcePack:Forge Mod Loader, FMLFileResourcePack:Minecraft Forge, FMLFileResourcePack:arccore
[18:05:10] [Client thread/INFO]: Created: 512x256 textures/blocks-atlas
[18:05:10] [Client thread/INFO]: Created: 512x256 textures/items-atlas
[18:05:11] [Sound Library Loader/INFO]: Sound engine started
[18:05:11] [Client thread/WARN]: File arccore:sounds/nihil-death.ogg does not exist, cannot add it to event arccore:nihil-death
[18:05:13] [Server thread/INFO]: Starting integrated minecraft server version 1.7.10
[18:05:13] [Server thread/INFO]: Generating keypair
[18:05:19] [Server thread/INFO]: Preparing start region for level 0
[18:05:19] [Server thread/INFO]: Changing view distance to 14, from 10
[18:05:20] [Server thread/INFO]: Player484[local:E:046b6312] logged in with entity id 205 at (21.033222287182912, 72.16933064997214, -168.5593812076074)
[18:05:20] [Server thread/INFO]: Player484 joined the game
[18:05:39] [Server thread/INFO]: Saving and pausing game...
[18:05:39] [Server thread/INFO]: Saving chunks for level 'Test Biome 2'/Overworld
[18:05:39] [Server thread/INFO]: Saving chunks for level 'Test Biome 2'/Nether
[18:05:39] [Server thread/INFO]: Saving chunks for level 'Test Biome 2'/The End
[18:05:46] [Server thread/INFO]: Saving and pausing game...
[18:05:46] [Server thread/INFO]: Saving chunks for level 'Test Biome 2'/Overworld
[18:05:46] [Server thread/INFO]: Saving chunks for level 'Test Biome 2'/Nether
[18:05:46] [Server thread/INFO]: Saving chunks for level 'Test Biome 2'/The End
[18:11:20] [Server thread/INFO]: Stopping server
[18:11:20] [Server thread/INFO]: Saving players
[18:11:21] [Server thread/INFO]: Saving worlds
[18:11:21] [Server thread/INFO]: Saving chunks for level 'Test Biome 2'/Overworld
[18:11:21] [Server thread/INFO]: Saving chunks for level 'Test Biome 2'/Nether
[18:11:21] [Server thread/INFO]: Saving chunks for level 'Test Biome 2'/The End
[18:11:22] [Client thread/INFO]: Stopping!
[19:14:40] [main/INFO]: Setting user: Player812
[19:14:41] [Client thread/INFO]: LWJGL Version: 2.9.1
[19:14:46] [Client thread/INFO]: Reloading ResourceManager: Default, FMLFileResourcePack:Forge Mod Loader, FMLFileResourcePack:Minecraft Forge, FMLFileResourcePack:arccore
[19:14:47] [Sound Library Loader/INFO]: Sound engine started
[19:14:55] [Client thread/WARN]: File arccore:sounds/nihil-death.ogg does not exist, cannot add it to event arccore:nihil-death
[19:14:56] [Client thread/INFO]: Created: 16x16 textures/blocks-atlas
[19:14:56] [Client thread/INFO]: Created: 16x16 textures/items-atlas
[19:14:56] [Client thread/INFO]: Reloading ResourceManager: Default, FMLFileResourcePack:Forge Mod Loader, FMLFileResourcePack:Minecraft Forge, FMLFileResourcePack:arccore
[19:14:56] [Client thread/INFO]: Created: 512x256 textures/blocks-atlas
[19:14:56] [Client thread/INFO]: Created: 512x256 textures/items-atlas
[19:14:57] [Client thread/WARN]: File arccore:sounds/nihil-death.ogg does not exist, cannot add it to event arccore:nihil-death
[19:14:57] [Sound Library Loader/INFO]: Sound engine started
[19:15:01] [Server thread/INFO]: Starting integrated minecraft server version 1.7.10
[19:15:01] [Server thread/INFO]: Generating keypair
[19:15:01] [Server thread/INFO]: Preparing start region for level 0
[19:15:02] [Server thread/INFO]: Changing view distance to 14, from 10
[19:15:02] [Server thread/INFO]: Player812[local:E:49ca8c49] logged in with entity id 203 at (25.636601018904894, 71.42940834597213, -172.4412402613749)
[19:15:02] [Server thread/INFO]: Player812 joined the game
[19:15:03] [Server thread/INFO]: Player812 has just earned the achievement [Taking Inventory]
[19:15:04] [Client thread/INFO]: [CHAT] Player812 has just earned the achievement [Taking Inventory]
[19:15:52] [Server thread/INFO]: Saving and pausing game...
[19:15:52] [Server thread/INFO]: Saving chunks for level 'Test Biome 2'/Overworld
[19:15:52] [Server thread/INFO]: Saving chunks for level 'Test Biome 2'/Nether
[19:15:52] [Server thread/INFO]: Saving chunks for level 'Test Biome 2'/The End
[19:17:39] [Client thread/INFO]: Stopping!
[19:17:39] [Server thread/INFO]: Stopping server
[19:17:39][19:17:41] [Client thread/INFO]: Reloading ResourceManager: Default, FMLFileResourcePack:Forge Mod Loader, FMLFileResourcePack:Minecraft Forge, FMLFileResourcePack:arccore
[19:17:42] [Sound Library Loader/INFO]: Sound engine started
[19:17:49] [Client thread/WARN]: File arccore:sounds/nihil-death.ogg does not exist, cannot add it to event arccore:nihil-death
[19:17:49] [Client thread/INFO]: Created: 16x16 textures/blocks-atlas
[19:17:49] [Client thread/INFO]: Created: 16x16 textures/items-atlas
[19:17:50] [Client thread/INFO]: Reloading ResourceManager: Default, FMLFileResourcePack:Forge Mod Loader, FMLFileResourcePack:Minecraft Forge, FMLFileResourcePack:arccore
[19:17:50] [Client thread/INFO]: Created: 512x256 textures/blocks-atlas
[19:17:51] [Client thread/INFO]: Created: 512x256 textures/items-atlas
[19:17:52] [Sound Library Loader/INFO]: Sound engine started
[19:17:52] [Client thread/WARN]: File arccore:sounds/nihil-death.ogg does not exist, cannot add it to event arccore:nihil-death
[19:17:54] [Server thread/INFO]: Starting integrated minecraft server version 1.7.10
[19:17:54] [Server thread/INFO]: Generating keypair
[19:17:54] [Server thread/INFO]: Preparing start region for level 0
[19:17:54] [Server thread/INFO]: Changing view distance to 14, from 10
[19:17:55] [Server thread/INFO]: Player718[local:E:a7fe6fa0] logged in with entity id 206 at (30.30000001192093, 71.59498858155162, -154.22883466423454)
[19:17:55] [Server thread/INFO]: Player718 joined the game
[19:17:57] [Server thread/INFO]: Player718 has just earned the achievement [Taking Inventory]
[19:17:58] [Client thread/INFO]: [CHAT] Player718 has just earned the achievement [Taking Inventory]
[19:18:02] [Server thread/INFO]: Saving and pausing game...
[19:18:02] [Server thread/INFO]: Saving chunks for level 'Test Biome 2'/Overworld
[19:18:02] [Server thread/INFO]: Saving chunks for level 'Test Biome 2'/Nether
[19:18:02] [Server thread/INFO]: Saving chunks for level 'Test Biome 2'/The End
[19:18:04] [Server thread/INFO]: Saving and pausing game...
[19:18:04] [Server thread/INFO]: Saving chunks for level 'Test Biome 2'/Overworld
[19:18:04] [Server thread/INFO]: Saving chunks for level 'Test Biome 2'/Nether
[19:18:04] [Server thread/INFO]: Saving chunks for level 'Test Biome 2'/The End
[19:18:05] [Server thread/INFO]: Stopping server
[19:18:05] [Server thread/INFO]: Saving players
[19:18:05] [Server thread/INFO]: Saving worlds
[19:18:05] [Server thread/INFO]: Saving chunks for level 'Test Biome 2'/Overworld
[19:18:05] [Server thread/INFO]: Saving chunks for level 'Test Biome 2'/Nether
[19:18:05] [Server thread/INFO]: Saving chunks for level 'Test Biome 2'/The End
[19:18:08] [Client thread/INFO]: Stopping!
[19:22:42] [main/INFO]: Setting user: Player968
[19:22:43] [Client thread/INFO]: LWJGL Version: 2.9.1
[19:22:48] [Client thread/INFO]: Reloading ResourceManager: Default, FMLFileResourcePack:Forge Mod Loader, FMLFileResourcePack:Minecraft Forge, FMLFileResourcePack:arccore
[19:22:49] [Sound Library Loader/INFO]: Sound engine started
[19:22:49] [Client thread/WARN]: File arccore:sounds/nihil-death.ogg does not exist, cannot add it to event arccore:nihil-death
[19:22:49] [Client thread/INFO]: Created: 16x16 textures/blocks-atlas
[19:22:49] [Client thread/INFO]: Created: 16x16 textures/items-atlas
[19:22:49] [Client thread/INFO]: Reloading ResourceManager: Default, FMLFileResourcePack:Forge Mod Loader, FMLFileResourcePack:Minecraft Forge, FMLFileResourcePack:arccore
[19:22:49] [Client thread/INFO]: Created: 512x256 textures/blocks-atlas
[19:22:49] [Client thread/INFO]: Created: 512x256 textures/items-atlas
[19:22:50] [Sound Library Loader/INFO]: Sound engine started
[19:22:50] [Client thread/WARN]: File arccore:sounds/nihil-death.ogg does not exist, cannot add it to event arccore:nihil-death
[19:22:52] [Server thread/INFO]: Starting integrated minecraft server version 1.7.10
[19:22:52] [Server thread/INFO]: Generating keypair
[19:22:52] [Server thread/INFO]: Preparing start region for level 0
[19:22:53] [Server thread/INFO]: Changing view distance to 14, from 10
[19:22:53] [Server thread/INFO]: Player968[local:E:7691122c] logged in with entity id 208 at (30.30000001192093, 71.59498858155162, -154.22883466423454)
[19:22:53] [Server thread/INFO]: Player968 joined the game
[19:23:33] [Server thread/INFO]: Saving and pausing game...
[19:23:33] [Server thread/INFO]: Saving chunks for level 'Test Biome 2'/Overworld
[19:23:33] [Server thread/INFO]: Saving chunks for level 'Test Biome 2'/Nether
[19:23:33] [Server thread/INFO]: Saving chunks for level 'Test Biome 2'/The End
[19:23:34] [Server thread/INFO]: Stopping server
[19:23:34] [Server thread/INFO]: Saving players
[19:23:34] [Server thread/INFO]: Saving worlds
[19:23:34] [Server thread/INFO]: Saving chunks for level 'Test Biome 2'/Overworld
[19:23:34] [Server thread/INFO]: Saving chunks for level 'Test Biome 2'/Nether
[19:23:34] [Server thread/INFO]: Saving chunks for level 'Test Biome 2'/The End
[19:23:35] [Client thread/INFO]: Stopping!
[22:52:34] [main/INFO]: Setting user: Player828
[22:52:35] [Client thread/INFO]: LWJGL Version: 2.9.1
[22:52:41] [Client thread/INFO]: Reloading ResourceManager: Default, FMLFileResourcePack:Forge Mod Loader, FMLFileResourcePack:Minecraft Forge, FMLFileResourcePack:arccore
[22:52:41] [Sound Library Loader/INFO]: Sound engine started
[22:52:48] [Client thread/WARN]: File arccore:sounds/nihil-death.ogg does not exist, cannot add it to event arccore:nihil-death
[22:52:49] [Client thread/INFO]: Created: 16x16 textures/blocks-atlas
[22:52:49] [Client thread/INFO]: Created: 16x16 textures/items-atlas
[22:52:49] [Client thread/INFO]: Reloading ResourceManager: Default, FMLFileResourcePack:Forge Mod Loader, FMLFileResourcePack:Minecraft Forge, FMLFileResourcePack:arccore
[22:52:49] [Client thread/INFO]: Created: 512x256 textures/blocks-atlas
[22:52:50] [Client thread/INFO]: Created: 512x256 textures/items-atlas
[22:52:50] [Sound Library Loader/INFO]: Sound engine started
[22:52:51] [Client thread/WARN]: File arccore:sounds/nihil-death.ogg does not exist, cannot add it to event arccore:nihil-death
[22:52:54] [Server thread/INFO]: Starting integrated minecraft server version 1.7.10
[22:52:54] [Server thread/INFO]: Generating keypair
[22:52:54] [Server thread/INFO]: Preparing start region for level 0
[22:52:55] [Server thread/INFO]: Changing view distance to 14, from 10
[22:52:55] [Server thread/INFO]: Player828[local:E:fb5f3957] logged in with entity id 212 at (27.099770517523353, 65.99657404410092, -173.21759833993275)
[22:52:55] [Server thread/INFO]: Player828 joined the game
[22:53:16] [Server thread/INFO]: [Player828: Set the time to 0]
[22:53:16] [Client thread/INFO]: [CHAT] Set the time to 0
[23:00:28] [Server thread/INFO]: Saving and pausing game...
[23:00:28] [Server thread/INFO]: Saving chunks for level 'Test Biome 2'/Overworld
[23:00:28] [Server thread/INFO]: Saving chunks for level 'Test Biome 2'/Nether
[23:00:28] [Server thread/INFO]: Saving chunks for level 'Test Biome 2'/The End
[23:11:01] [Server thread/INFO]: Saving and pausing game...
[23:11:01] [Server thread/INFO]: Saving chunks for level 'Test Biome 2'/Overworld
[23:11:01] [Server thread/INFO]: Saving chunks for level 'Test Biome 2'/Nether
[23:11:01] [Server thread/INFO]: Saving chunks for level 'Test Biome 2'/The End
[23:13:38] [Server thread/INFO]: Stopping server
[23:13:38] [Server thread/INFO]: Saving players
[23:13:38] [Server thread/INFO]: Saving worlds
[23:13:38] [Server thread/INFO]: Saving chunks for level 'Test Biome 2'/Overworld
[23:13:38] [Server thread/INFO]: Saving chunks for level 'Test Biome 2'/Nether
[23:13:38] [Server thread/INFO]: Saving chunks for level 'Test Biome 2'/The End
[23:13:39] [Client thread/INFO]: Stopping!
